<?xml version="1.0" encoding="UTF-8"?>
<coverage generated="1540165492755" clover="3.2.0">
  <project timestamp="1540165492755" name="All files">
    <metrics statements="75" coveredstatements="66" conditionals="16" coveredconditionals="8" methods="40" coveredmethods="27" elements="131" coveredelements="101" complexity="0" loc="75" ncloc="75" packages="2" files="5" classes="5">
      <package name="config">
        <metrics statements="1" coveredstatements="1" conditionals="0" coveredconditionals="0" methods="0" coveredmethods="0"/>
        <file name="ApiRouting.config.js" path="/home/morelantoine/Projects/viny-client-mobile/Viny/config/ApiRouting.config.js">
          <metrics statements="1" coveredstatements="1" conditionals="0" coveredconditionals="0" methods="0" coveredmethods="0"/>
          <line num="1" count="4" type="stmt"/>
        </file>
      </package>
      <package name="src.utility">
        <metrics statements="74" coveredstatements="65" conditionals="16" coveredconditionals="8" methods="40" coveredmethods="27"/>
        <file name="ApiUtility.js" path="/home/morelantoine/Projects/viny-client-mobile/Viny/src/utility/ApiUtility.js">
          <metrics statements="28" coveredstatements="26" conditionals="4" coveredconditionals="4" methods="9" coveredmethods="7"/>
          <line num="1" count="4" type="stmt"/>
          <line num="7" count="4" type="stmt"/>
          <line num="9" count="1" type="stmt"/>
          <line num="13" count="1" type="stmt"/>
          <line num="14" count="4" type="stmt"/>
          <line num="21" count="9" type="stmt"/>
          <line num="26" count="9" type="stmt"/>
          <line num="27" count="4" type="stmt"/>
          <line num="30" count="2" type="stmt"/>
          <line num="31" count="4" type="stmt"/>
          <line num="34" count="0" type="stmt"/>
          <line num="44" count="0" type="stmt"/>
          <line num="45" count="4" type="stmt"/>
          <line num="52" count="1" type="stmt"/>
          <line num="53" count="4" type="stmt"/>
          <line num="60" count="1" type="stmt"/>
          <line num="64" count="1" type="stmt"/>
          <line num="65" count="4" type="stmt"/>
          <line num="68" count="1" type="stmt"/>
          <line num="78" count="1" type="stmt"/>
          <line num="79" count="4" type="stmt"/>
          <line num="87" count="15" type="stmt"/>
          <line num="92" count="15" type="cond" truecount="2" falsecount="0"/>
          <line num="93" count="5" type="stmt"/>
          <line num="94" count="15" type="stmt"/>
          <line num="98" count="15" type="cond" truecount="2" falsecount="0"/>
          <line num="99" count="12" type="stmt"/>
          <line num="100" count="15" type="stmt"/>
        </file>
        <file name="BearerUtility.js" path="/home/morelantoine/Projects/viny-client-mobile/Viny/src/utility/BearerUtility.js">
          <metrics statements="9" coveredstatements="6" conditionals="2" coveredconditionals="0" methods="7" coveredmethods="3"/>
          <line num="1" count="1" type="stmt"/>
          <line num="6" count="1" type="stmt"/>
          <line num="9" count="2" type="stmt"/>
          <line num="11" count="0" type="cond" truecount="0" falsecount="2"/>
          <line num="12" count="0" type="stmt"/>
          <line num="15" count="0" type="stmt"/>
          <line num="18" count="1" type="stmt"/>
          <line num="21" count="2" type="stmt"/>
          <line num="24" count="4" type="stmt"/>
        </file>
        <file name="RegexUtility.js" path="/home/morelantoine/Projects/viny-client-mobile/Viny/src/utility/RegexUtility.js">
          <metrics statements="3" coveredstatements="3" conditionals="0" coveredconditionals="0" methods="2" coveredmethods="1"/>
          <line num="1" count="1" type="stmt"/>
          <line num="3" count="2" type="stmt"/>
          <line num="4" count="2" type="stmt"/>
        </file>
        <file name="TestUtility.js" path="/home/morelantoine/Projects/viny-client-mobile/Viny/src/utility/TestUtility.js">
          <metrics statements="34" coveredstatements="30" conditionals="10" coveredconditionals="4" methods="22" coveredmethods="16"/>
          <line num="1" count="4" type="stmt"/>
          <line num="7" count="4" type="stmt"/>
          <line num="16" count="4" type="stmt"/>
          <line num="17" count="4" type="stmt"/>
          <line num="23" count="4" type="stmt"/>
          <line num="24" count="4" type="stmt"/>
          <line num="26" count="4" type="stmt"/>
          <line num="27" count="4" type="stmt"/>
          <line num="33" count="4" type="stmt"/>
          <line num="43" count="3" type="cond" truecount="1" falsecount="2"/>
          <line num="45" count="0" type="stmt"/>
          <line num="47" count="0" type="cond" truecount="0" falsecount="2"/>
          <line num="48" count="0" type="stmt"/>
          <line num="50" count="4" type="stmt"/>
          <line num="53" count="1" type="cond" truecount="1" falsecount="2"/>
          <line num="55" count="0" type="stmt"/>
          <line num="56" count="4" type="stmt"/>
          <line num="64" count="5" type="stmt"/>
          <line num="65" count="5" type="stmt"/>
          <line num="66" count="4" type="stmt"/>
          <line num="73" count="4" type="cond" truecount="2" falsecount="0"/>
          <line num="74" count="2" type="stmt"/>
          <line num="75" count="2" type="stmt"/>
          <line num="78" count="2" type="stmt"/>
          <line num="79" count="2" type="stmt"/>
          <line num="82" count="4" type="stmt"/>
          <line num="85" count="4" type="stmt"/>
          <line num="86" count="4" type="stmt"/>
          <line num="87" count="4" type="stmt"/>
          <line num="89" count="4" type="stmt"/>
          <line num="92" count="6" type="stmt"/>
          <line num="93" count="6" type="stmt"/>
          <line num="94" count="6" type="stmt"/>
          <line num="95" count="6" type="stmt"/>
        </file>
      </package>
    </metrics>
  </project>
</coverage>
