{"/home/morelantoine/Projects/viny-client-mobile/Viny/config/ApiRouting.config.js": {"path":"/home/morelantoine/Projects/viny-client-mobile/Viny/config/ApiRouting.config.js","statementMap":{"0":{"start":{"line":1,"column":0},"end":{"line":11,"column":41}}},"fnMap":{},"branchMap":{},"s":{"0":4},"f":{},"b":{},"_coverageSchema":"332fd63041d2c1bcb487cc26dd0d5f7d97098a6c","hash":"159bfa3a9235a07a88fe967e3b11c0ff3bc9a154"}
,"/home/morelantoine/Projects/viny-client-mobile/Viny/src/utility/ApiUtility.js": {"path":"/home/morelantoine/Projects/viny-client-mobile/Viny/src/utility/ApiUtility.js","statementMap":{"0":{"start":{"line":1,"column":13},"end":{"line":1,"column":75}},"1":{"start":{"line":1,"column":75},"end":{"line":1,"column":100}},"2":{"start":{"line":1,"column":118},"end":{"line":1,"column":189}},"3":{"start":{"line":7,"column":13},"end":{"line":7,"column":83}},"4":{"start":{"line":7,"column":36},"end":{"line":7,"column":82}},"5":{"start":{"line":7,"column":84},"end":{"line":7,"column":113}},"6":{"start":{"line":7,"column":113},"end":{"line":14,"column":2}},"7":{"start":{"line":9,"column":13},"end":{"line":10,"column":23}},"8":{"start":{"line":13,"column":2},"end":{"line":13,"column":160}},"9":{"start":{"line":14,"column":2},"end":{"line":27,"column":2}},"10":{"start":{"line":21,"column":13},"end":{"line":23,"column":25}},"11":{"start":{"line":26,"column":2},"end":{"line":26,"column":144}},"12":{"start":{"line":27,"column":2},"end":{"line":31,"column":2}},"13":{"start":{"line":30,"column":2},"end":{"line":30,"column":149}},"14":{"start":{"line":31,"column":2},"end":{"line":45,"column":2}},"15":{"start":{"line":34,"column":13},"end":{"line":40,"column":42}},"16":{"start":{"line":44,"column":2},"end":{"line":44,"column":144}},"17":{"start":{"line":45,"column":2},"end":{"line":53,"column":2}},"18":{"start":{"line":52,"column":2},"end":{"line":52,"column":150}},"19":{"start":{"line":53,"column":2},"end":{"line":65,"column":2}},"20":{"start":{"line":60,"column":13},"end":{"line":61,"column":19}},"21":{"start":{"line":64,"column":2},"end":{"line":64,"column":152}},"22":{"start":{"line":65,"column":2},"end":{"line":79,"column":2}},"23":{"start":{"line":68,"column":13},"end":{"line":74,"column":42}},"24":{"start":{"line":78,"column":2},"end":{"line":78,"column":155}},"25":{"start":{"line":79,"column":2},"end":{"line":101,"column":2}},"26":{"start":{"line":87,"column":15},"end":{"line":89,"column":40}},"27":{"start":{"line":92,"column":2},"end":{"line":93,"column":47}},"28":{"start":{"line":93,"column":2},"end":{"line":93,"column":47}},"29":{"start":{"line":94,"column":2},"end":{"line":96,"column":22}},"30":{"start":{"line":98,"column":2},"end":{"line":99,"column":24}},"31":{"start":{"line":99,"column":2},"end":{"line":99,"column":24}},"32":{"start":{"line":100,"column":2},"end":{"line":100,"column":28}}},"fnMap":{"0":{"name":"ApiUtility","decl":{"start":{"line":7,"column":22},"end":{"line":7,"column":32}},"loc":{"start":{"line":7,"column":35},"end":{"line":7,"column":83}},"line":7},"1":{"name":"(anonymous_1)","decl":{"start":{"line":8,"column":23},"end":{"line":8,"column":24}},"loc":{"start":{"line":8,"column":50},"end":{"line":14,"column":1}},"line":8},"2":{"name":"(anonymous_2)","decl":{"start":{"line":20,"column":9},"end":{"line":20,"column":10}},"loc":{"start":{"line":20,"column":36},"end":{"line":27,"column":1}},"line":20},"3":{"name":"(anonymous_3)","decl":{"start":{"line":29,"column":10},"end":{"line":29,"column":11}},"loc":{"start":{"line":29,"column":28},"end":{"line":31,"column":1}},"line":29},"4":{"name":"(anonymous_4)","decl":{"start":{"line":33,"column":9},"end":{"line":33,"column":10}},"loc":{"start":{"line":33,"column":29},"end":{"line":45,"column":1}},"line":33},"5":{"name":"(anonymous_5)","decl":{"start":{"line":51,"column":14},"end":{"line":51,"column":15}},"loc":{"start":{"line":51,"column":32},"end":{"line":53,"column":1}},"line":51},"6":{"name":"(anonymous_6)","decl":{"start":{"line":59,"column":18},"end":{"line":59,"column":19}},"loc":{"start":{"line":59,"column":35},"end":{"line":65,"column":1}},"line":59},"7":{"name":"(anonymous_7)","decl":{"start":{"line":67,"column":17},"end":{"line":67,"column":18}},"loc":{"start":{"line":67,"column":45},"end":{"line":79,"column":1}},"line":67},"8":{"name":"(anonymous_8)","decl":{"start":{"line":85,"column":13},"end":{"line":85,"column":14}},"loc":{"start":{"line":85,"column":50},"end":{"line":101,"column":1}},"line":85}},"branchMap":{"0":{"loc":{"start":{"line":92,"column":2},"end":{"line":93,"column":47}},"type":"if","locations":[{"start":{"line":92,"column":2},"end":{"line":93,"column":47}},{"start":{"line":92,"column":2},"end":{"line":93,"column":47}}],"line":92},"1":{"loc":{"start":{"line":98,"column":2},"end":{"line":99,"column":24}},"type":"if","locations":[{"start":{"line":98,"column":2},"end":{"line":99,"column":24}},{"start":{"line":98,"column":2},"end":{"line":99,"column":24}}],"line":98}},"s":{"0":4,"1":4,"2":4,"3":4,"4":0,"5":4,"6":4,"7":1,"8":1,"9":4,"10":9,"11":9,"12":4,"13":2,"14":4,"15":0,"16":0,"17":4,"18":1,"19":4,"20":1,"21":1,"22":4,"23":1,"24":1,"25":4,"26":15,"27":15,"28":5,"29":15,"30":15,"31":12,"32":15},"f":{"0":0,"1":1,"2":9,"3":2,"4":0,"5":1,"6":1,"7":1,"8":15},"b":{"0":[5,10],"1":[12,3]},"_coverageSchema":"332fd63041d2c1bcb487cc26dd0d5f7d97098a6c","hash":"75678470a8f4a83bead95d657d57a601fa9c235d"}
,"/home/morelantoine/Projects/viny-client-mobile/Viny/src/utility/BearerUtility.js": {"path":"/home/morelantoine/Projects/viny-client-mobile/Viny/src/utility/BearerUtility.js","statementMap":{"0":{"start":{"line":1,"column":13},"end":{"line":1,"column":75}},"1":{"start":{"line":1,"column":75},"end":{"line":1,"column":100}},"2":{"start":{"line":1,"column":115},"end":{"line":1,"column":184}},"3":{"start":{"line":6,"column":16},"end":{"line":6,"column":92}},"4":{"start":{"line":6,"column":42},"end":{"line":6,"column":91}},"5":{"start":{"line":6,"column":93},"end":{"line":6,"column":125}},"6":{"start":{"line":6,"column":125},"end":{"line":18,"column":2}},"7":{"start":{"line":9,"column":2},"end":{"line":17,"column":5}},"8":{"start":{"line":11,"column":4},"end":{"line":16,"column":5}},"9":{"start":{"line":12,"column":6},"end":{"line":12,"column":34}},"10":{"start":{"line":15,"column":6},"end":{"line":15,"column":16}},"11":{"start":{"line":18,"column":2},"end":{"line":21,"column":124}},"12":{"start":{"line":21,"column":28},"end":{"line":21,"column":122}},"13":{"start":{"line":21,"column":91},"end":{"line":21,"column":119}},"14":{"start":{"line":21,"column":124},"end":{"line":24,"column":147}},"15":{"start":{"line":24,"column":31},"end":{"line":24,"column":145}},"16":{"start":{"line":24,"column":114},"end":{"line":24,"column":142}}},"fnMap":{"0":{"name":"BearerUtility","decl":{"start":{"line":6,"column":25},"end":{"line":6,"column":38}},"loc":{"start":{"line":6,"column":41},"end":{"line":6,"column":92}},"line":6},"1":{"name":"(anonymous_1)","decl":{"start":{"line":8,"column":12},"end":{"line":8,"column":13}},"loc":{"start":{"line":8,"column":24},"end":{"line":18,"column":1}},"line":8},"2":{"name":"(anonymous_2)","decl":{"start":{"line":10,"column":7},"end":{"line":10,"column":8}},"loc":{"start":{"line":10,"column":30},"end":{"line":17,"column":3}},"line":10},"3":{"name":"(anonymous_3)","decl":{"start":{"line":21,"column":15},"end":{"line":21,"column":16}},"loc":{"start":{"line":21,"column":27},"end":{"line":21,"column":123}},"line":21},"4":{"name":"(anonymous_4)","decl":{"start":{"line":21,"column":73},"end":{"line":21,"column":74}},"loc":{"start":{"line":21,"column":90},"end":{"line":21,"column":120}},"line":21},"5":{"name":"(anonymous_5)","decl":{"start":{"line":24,"column":12},"end":{"line":24,"column":13}},"loc":{"start":{"line":24,"column":30},"end":{"line":24,"column":146}},"line":24},"6":{"name":"(anonymous_6)","decl":{"start":{"line":24,"column":96},"end":{"line":24,"column":97}},"loc":{"start":{"line":24,"column":113},"end":{"line":24,"column":143}},"line":24}},"branchMap":{"0":{"loc":{"start":{"line":11,"column":4},"end":{"line":16,"column":5}},"type":"if","locations":[{"start":{"line":11,"column":4},"end":{"line":16,"column":5}},{"start":{"line":11,"column":4},"end":{"line":16,"column":5}}],"line":11}},"s":{"0":1,"1":1,"2":1,"3":1,"4":0,"5":1,"6":1,"7":2,"8":0,"9":0,"10":0,"11":1,"12":2,"13":0,"14":1,"15":4,"16":0},"f":{"0":0,"1":2,"2":0,"3":2,"4":0,"5":4,"6":0},"b":{"0":[0,0]},"_coverageSchema":"332fd63041d2c1bcb487cc26dd0d5f7d97098a6c","hash":"67c2d12914d0dc73abb4502790b4cd2ead7a4dcc"}
,"/home/morelantoine/Projects/viny-client-mobile/Viny/src/utility/RegexUtility.js": {"path":"/home/morelantoine/Projects/viny-client-mobile/Viny/src/utility/RegexUtility.js","statementMap":{"0":{"start":{"line":1,"column":13},"end":{"line":1,"column":75}},"1":{"start":{"line":1,"column":75},"end":{"line":1,"column":100}},"2":{"start":{"line":1,"column":119},"end":{"line":1,"column":193}},"3":{"start":{"line":1,"column":144},"end":{"line":1,"column":192}},"4":{"start":{"line":1,"column":194},"end":{"line":1,"column":225}},"5":{"start":{"line":1,"column":225},"end":{"line":5,"column":2}},"6":{"start":{"line":3,"column":19},"end":{"line":3,"column":66}},"7":{"start":{"line":4,"column":2},"end":{"line":4,"column":32}}},"fnMap":{"0":{"name":"RegexUtility","decl":{"start":{"line":1,"column":128},"end":{"line":1,"column":140}},"loc":{"start":{"line":1,"column":143},"end":{"line":1,"column":193}},"line":1},"1":{"name":"(anonymous_1)","decl":{"start":{"line":2,"column":15},"end":{"line":2,"column":16}},"loc":{"start":{"line":2,"column":32},"end":{"line":5,"column":1}},"line":2}},"branchMap":{},"s":{"0":1,"1":1,"2":1,"3":0,"4":1,"5":1,"6":2,"7":2},"f":{"0":0,"1":2},"b":{},"_coverageSchema":"332fd63041d2c1bcb487cc26dd0d5f7d97098a6c","hash":"80025b8a018525866841d79d1c6f52459f3a6e1f"}
,"/home/morelantoine/Projects/viny-client-mobile/Viny/src/utility/TestUtility.js": {"path":"/home/morelantoine/Projects/viny-client-mobile/Viny/src/utility/TestUtility.js","statementMap":{"0":{"start":{"line":1,"column":13},"end":{"line":1,"column":75}},"1":{"start":{"line":1,"column":75},"end":{"line":1,"column":100}},"2":{"start":{"line":1,"column":118},"end":{"line":1,"column":187}},"3":{"start":{"line":7,"column":14},"end":{"line":7,"column":86}},"4":{"start":{"line":7,"column":38},"end":{"line":7,"column":85}},"5":{"start":{"line":7,"column":87},"end":{"line":7,"column":117}},"6":{"start":{"line":7,"column":117},"end":{"line":16,"column":19}},"7":{"start":{"line":16,"column":19},"end":{"line":17,"column":22}},"8":{"start":{"line":17,"column":22},"end":{"line":23,"column":31}},"9":{"start":{"line":23,"column":31},"end":{"line":24,"column":29}},"10":{"start":{"line":24,"column":29},"end":{"line":26,"column":48}},"11":{"start":{"line":26,"column":48},"end":{"line":27,"column":31}},"12":{"start":{"line":27,"column":31},"end":{"line":33,"column":50}},"13":{"start":{"line":33,"column":50},"end":{"line":50,"column":126}},"14":{"start":{"line":43,"column":52},"end":{"line":50,"column":124}},"15":{"start":{"line":43,"column":113},"end":{"line":50,"column":109}},"16":{"start":{"line":43,"column":124},"end":{"line":50,"column":108}},"17":{"start":{"line":43,"column":171},"end":{"line":43,"column":189}},"18":{"start":{"line":43,"column":189},"end":{"line":50,"column":66}},"19":{"start":{"line":45,"column":36},"end":{"line":45,"column":59}},"20":{"start":{"line":47,"column":12},"end":{"line":48,"column":57}},"21":{"start":{"line":48,"column":12},"end":{"line":48,"column":57}},"22":{"start":{"line":50,"column":34},"end":{"line":50,"column":62}},"23":{"start":{"line":50,"column":84},"end":{"line":50,"column":107}},"24":{"start":{"line":50,"column":126},"end":{"line":56,"column":127}},"25":{"start":{"line":53,"column":39},"end":{"line":56,"column":125}},"26":{"start":{"line":53,"column":102},"end":{"line":56,"column":110}},"27":{"start":{"line":53,"column":113},"end":{"line":56,"column":109}},"28":{"start":{"line":53,"column":162},"end":{"line":53,"column":181}},"29":{"start":{"line":53,"column":181},"end":{"line":56,"column":66}},"30":{"start":{"line":55,"column":28},"end":{"line":55,"column":66}},"31":{"start":{"line":56,"column":34},"end":{"line":56,"column":62}},"32":{"start":{"line":56,"column":84},"end":{"line":56,"column":108}},"33":{"start":{"line":56,"column":127},"end":{"line":66,"column":2}},"34":{"start":{"line":64,"column":2},"end":{"line":64,"column":33}},"35":{"start":{"line":65,"column":2},"end":{"line":65,"column":36}},"36":{"start":{"line":66,"column":2},"end":{"line":82,"column":2}},"37":{"start":{"line":73,"column":2},"end":{"line":81,"column":3}},"38":{"start":{"line":74,"column":4},"end":{"line":76,"column":12}},"39":{"start":{"line":74,"column":73},"end":{"line":76,"column":9}},"40":{"start":{"line":75,"column":8},"end":{"line":75,"column":73}},"41":{"start":{"line":78,"column":4},"end":{"line":80,"column":12}},"42":{"start":{"line":78,"column":73},"end":{"line":80,"column":9}},"43":{"start":{"line":79,"column":8},"end":{"line":79,"column":21}},"44":{"start":{"line":82,"column":2},"end":{"line":89,"column":2}},"45":{"start":{"line":85,"column":2},"end":{"line":88,"column":5}},"46":{"start":{"line":86,"column":4},"end":{"line":86,"column":38}},"47":{"start":{"line":87,"column":4},"end":{"line":87,"column":72}},"48":{"start":{"line":87,"column":43},"end":{"line":87,"column":69}},"49":{"start":{"line":89,"column":2},"end":{"line":98,"column":2}},"50":{"start":{"line":92,"column":2},"end":{"line":97,"column":5}},"51":{"start":{"line":93,"column":4},"end":{"line":93,"column":37}},"52":{"start":{"line":94,"column":4},"end":{"line":96,"column":7}},"53":{"start":{"line":95,"column":6},"end":{"line":95,"column":25}}},"fnMap":{"0":{"name":"TestUtility","decl":{"start":{"line":7,"column":23},"end":{"line":7,"column":34}},"loc":{"start":{"line":7,"column":37},"end":{"line":7,"column":86}},"line":7},"1":{"name":"_callee","decl":{"start":{"line":43,"column":26},"end":{"line":43,"column":33}},"loc":{"start":{"line":43,"column":51},"end":{"line":50,"column":125}},"line":43},"2":{"name":"_callee$","decl":{"start":{"line":43,"column":93},"end":{"line":43,"column":101}},"loc":{"start":{"line":43,"column":112},"end":{"line":50,"column":110}},"line":43},"3":{"name":"(anonymous_3)","decl":{"start":{"line":45,"column":15},"end":{"line":45,"column":16}},"loc":{"start":{"line":45,"column":35},"end":{"line":45,"column":60}},"line":45},"4":{"name":"(anonymous_4)","decl":{"start":{"line":46,"column":15},"end":{"line":46,"column":16}},"loc":{"start":{"line":46,"column":39},"end":{"line":49,"column":11}},"line":46},"5":{"name":"(anonymous_5)","decl":{"start":{"line":50,"column":16},"end":{"line":50,"column":17}},"loc":{"start":{"line":50,"column":33},"end":{"line":50,"column":63}},"line":50},"6":{"name":"_callee2","decl":{"start":{"line":53,"column":27},"end":{"line":53,"column":35}},"loc":{"start":{"line":53,"column":38},"end":{"line":56,"column":126}},"line":53},"7":{"name":"_callee2$","decl":{"start":{"line":53,"column":80},"end":{"line":53,"column":89}},"loc":{"start":{"line":53,"column":101},"end":{"line":56,"column":111}},"line":53},"8":{"name":"(anonymous_8)","decl":{"start":{"line":55,"column":15},"end":{"line":55,"column":16}},"loc":{"start":{"line":55,"column":27},"end":{"line":55,"column":67}},"line":55},"9":{"name":"(anonymous_9)","decl":{"start":{"line":56,"column":16},"end":{"line":56,"column":17}},"loc":{"start":{"line":56,"column":33},"end":{"line":56,"column":63}},"line":56},"10":{"name":"(anonymous_10)","decl":{"start":{"line":63,"column":23},"end":{"line":63,"column":24}},"loc":{"start":{"line":63,"column":35},"end":{"line":66,"column":1}},"line":63},"11":{"name":"(anonymous_11)","decl":{"start":{"line":72,"column":25},"end":{"line":72,"column":26}},"loc":{"start":{"line":72,"column":65},"end":{"line":82,"column":1}},"line":72},"12":{"name":"(anonymous_12)","decl":{"start":{"line":74,"column":60},"end":{"line":74,"column":61}},"loc":{"start":{"line":74,"column":72},"end":{"line":76,"column":10}},"line":74},"13":{"name":"(anonymous_13)","decl":{"start":{"line":74,"column":92},"end":{"line":74,"column":93}},"loc":{"start":{"line":74,"column":104},"end":{"line":76,"column":7}},"line":74},"14":{"name":"(anonymous_14)","decl":{"start":{"line":78,"column":60},"end":{"line":78,"column":61}},"loc":{"start":{"line":78,"column":72},"end":{"line":80,"column":10}},"line":78},"15":{"name":"(anonymous_15)","decl":{"start":{"line":78,"column":92},"end":{"line":78,"column":93}},"loc":{"start":{"line":78,"column":104},"end":{"line":80,"column":7}},"line":78},"16":{"name":"(anonymous_16)","decl":{"start":{"line":84,"column":27},"end":{"line":84,"column":28}},"loc":{"start":{"line":84,"column":39},"end":{"line":89,"column":1}},"line":84},"17":{"name":"(anonymous_17)","decl":{"start":{"line":85,"column":60},"end":{"line":85,"column":61}},"loc":{"start":{"line":85,"column":72},"end":{"line":88,"column":3}},"line":85},"18":{"name":"(anonymous_18)","decl":{"start":{"line":87,"column":23},"end":{"line":87,"column":24}},"loc":{"start":{"line":87,"column":42},"end":{"line":87,"column":70}},"line":87},"19":{"name":"(anonymous_19)","decl":{"start":{"line":91,"column":25},"end":{"line":91,"column":26}},"loc":{"start":{"line":91,"column":37},"end":{"line":98,"column":1}},"line":91},"20":{"name":"(anonymous_20)","decl":{"start":{"line":92,"column":58},"end":{"line":92,"column":59}},"loc":{"start":{"line":92,"column":88},"end":{"line":97,"column":3}},"line":92},"21":{"name":"(anonymous_21)","decl":{"start":{"line":94,"column":23},"end":{"line":94,"column":24}},"loc":{"start":{"line":94,"column":42},"end":{"line":96,"column":5}},"line":94}},"branchMap":{"0":{"loc":{"start":{"line":43,"column":124},"end":{"line":50,"column":108}},"type":"switch","locations":[{"start":{"line":43,"column":164},"end":{"line":50,"column":66}},{"start":{"line":50,"column":66},"end":{"line":50,"column":73}},{"start":{"line":50,"column":73},"end":{"line":50,"column":107}}],"line":43},"1":{"loc":{"start":{"line":47,"column":12},"end":{"line":48,"column":57}},"type":"if","locations":[{"start":{"line":47,"column":12},"end":{"line":48,"column":57}},{"start":{"line":47,"column":12},"end":{"line":48,"column":57}}],"line":47},"2":{"loc":{"start":{"line":53,"column":113},"end":{"line":56,"column":109}},"type":"switch","locations":[{"start":{"line":53,"column":155},"end":{"line":56,"column":66}},{"start":{"line":56,"column":66},"end":{"line":56,"column":73}},{"start":{"line":56,"column":73},"end":{"line":56,"column":108}}],"line":53},"3":{"loc":{"start":{"line":73,"column":2},"end":{"line":81,"column":3}},"type":"if","locations":[{"start":{"line":73,"column":2},"end":{"line":81,"column":3}},{"start":{"line":73,"column":2},"end":{"line":81,"column":3}}],"line":73}},"s":{"0":4,"1":4,"2":4,"3":4,"4":0,"5":4,"6":4,"7":4,"8":4,"9":4,"10":4,"11":4,"12":4,"13":4,"14":3,"15":3,"16":3,"17":3,"18":3,"19":0,"20":0,"21":0,"22":0,"23":0,"24":4,"25":1,"26":1,"27":1,"28":1,"29":1,"30":0,"31":0,"32":0,"33":4,"34":5,"35":5,"36":4,"37":4,"38":2,"39":2,"40":2,"41":2,"42":2,"43":2,"44":4,"45":4,"46":4,"47":4,"48":4,"49":4,"50":6,"51":6,"52":6,"53":6},"f":{"0":0,"1":3,"2":3,"3":0,"4":0,"5":0,"6":1,"7":1,"8":0,"9":0,"10":5,"11":4,"12":2,"13":2,"14":2,"15":2,"16":4,"17":4,"18":4,"19":6,"20":6,"21":6},"b":{"0":[3,0,0],"1":[0,0],"2":[1,0,0],"3":[2,2]},"_coverageSchema":"332fd63041d2c1bcb487cc26dd0d5f7d97098a6c","hash":"638615bfe7c47e58697f24b11cbca6ff1d943bd7"}
}
