TN:
SF:/home/morelantoine/Projects/viny-client-mobile/Viny/config/ApiRouting.config.js
FNF:0
FNH:0
DA:1,4
LF:1
LH:1
BRF:0
BRH:0
end_of_record
TN:
SF:/home/morelantoine/Projects/viny-client-mobile/Viny/src/utility/ApiUtility.js
FN:7,ApiUtility
FN:8,(anonymous_1)
FN:20,(anonymous_2)
FN:29,(anonymous_3)
FN:33,(anonymous_4)
FN:51,(anonymous_5)
FN:59,(anonymous_6)
FN:67,(anonymous_7)
FN:85,(anonymous_8)
FNF:9
FNH:7
FNDA:0,ApiUtility
FNDA:1,(anonymous_1)
FNDA:9,(anonymous_2)
FNDA:2,(anonymous_3)
FNDA:0,(anonymous_4)
FNDA:1,(anonymous_5)
FNDA:1,(anonymous_6)
FNDA:1,(anonymous_7)
FNDA:15,(anonymous_8)
DA:1,4
DA:7,4
DA:9,1
DA:13,1
DA:14,4
DA:21,9
DA:26,9
DA:27,4
DA:30,2
DA:31,4
DA:34,0
DA:44,0
DA:45,4
DA:52,1
DA:53,4
DA:60,1
DA:64,1
DA:65,4
DA:68,1
DA:78,1
DA:79,4
DA:87,15
DA:92,15
DA:93,5
DA:94,15
DA:98,15
DA:99,12
DA:100,15
LF:28
LH:26
BRDA:92,0,0,5
BRDA:92,0,1,10
BRDA:98,1,0,12
BRDA:98,1,1,3
BRF:4
BRH:4
end_of_record
TN:
SF:/home/morelantoine/Projects/viny-client-mobile/Viny/src/utility/BearerUtility.js
FN:6,BearerUtility
FN:8,(anonymous_1)
FN:10,(anonymous_2)
FN:21,(anonymous_3)
FN:21,(anonymous_4)
FN:24,(anonymous_5)
FN:24,(anonymous_6)
FNF:7
FNH:3
FNDA:0,BearerUtility
FNDA:2,(anonymous_1)
FNDA:0,(anonymous_2)
FNDA:2,(anonymous_3)
FNDA:0,(anonymous_4)
FNDA:4,(anonymous_5)
FNDA:0,(anonymous_6)
DA:1,1
DA:6,1
DA:9,2
DA:11,0
DA:12,0
DA:15,0
DA:18,1
DA:21,2
DA:24,4
LF:9
LH:6
BRDA:11,0,0,0
BRDA:11,0,1,0
BRF:2
BRH:0
end_of_record
TN:
SF:/home/morelantoine/Projects/viny-client-mobile/Viny/src/utility/RegexUtility.js
FN:1,RegexUtility
FN:2,(anonymous_1)
FNF:2
FNH:1
FNDA:0,RegexUtility
FNDA:2,(anonymous_1)
DA:1,1
DA:3,2
DA:4,2
LF:3
LH:3
BRF:0
BRH:0
end_of_record
TN:
SF:/home/morelantoine/Projects/viny-client-mobile/Viny/src/utility/TestUtility.js
FN:7,TestUtility
FN:43,_callee
FN:43,_callee$
FN:45,(anonymous_3)
FN:46,(anonymous_4)
FN:50,(anonymous_5)
FN:53,_callee2
FN:53,_callee2$
FN:55,(anonymous_8)
FN:56,(anonymous_9)
FN:63,(anonymous_10)
FN:72,(anonymous_11)
FN:74,(anonymous_12)
FN:74,(anonymous_13)
FN:78,(anonymous_14)
FN:78,(anonymous_15)
FN:84,(anonymous_16)
FN:85,(anonymous_17)
FN:87,(anonymous_18)
FN:91,(anonymous_19)
FN:92,(anonymous_20)
FN:94,(anonymous_21)
FNF:22
FNH:16
FNDA:0,TestUtility
FNDA:3,_callee
FNDA:3,_callee$
FNDA:0,(anonymous_3)
FNDA:0,(anonymous_4)
FNDA:0,(anonymous_5)
FNDA:1,_callee2
FNDA:1,_callee2$
FNDA:0,(anonymous_8)
FNDA:0,(anonymous_9)
FNDA:5,(anonymous_10)
FNDA:4,(anonymous_11)
FNDA:2,(anonymous_12)
FNDA:2,(anonymous_13)
FNDA:2,(anonymous_14)
FNDA:2,(anonymous_15)
FNDA:4,(anonymous_16)
FNDA:4,(anonymous_17)
FNDA:4,(anonymous_18)
FNDA:6,(anonymous_19)
FNDA:6,(anonymous_20)
FNDA:6,(anonymous_21)
DA:1,4
DA:7,4
DA:16,4
DA:17,4
DA:23,4
DA:24,4
DA:26,4
DA:27,4
DA:33,4
DA:43,3
DA:45,0
DA:47,0
DA:48,0
DA:50,4
DA:53,1
DA:55,0
DA:56,4
DA:64,5
DA:65,5
DA:66,4
DA:73,4
DA:74,2
DA:75,2
DA:78,2
DA:79,2
DA:82,4
DA:85,4
DA:86,4
DA:87,4
DA:89,4
DA:92,6
DA:93,6
DA:94,6
DA:95,6
LF:34
LH:30
BRDA:43,0,0,3
BRDA:43,0,1,0
BRDA:43,0,2,0
BRDA:47,1,0,0
BRDA:47,1,1,0
BRDA:53,2,0,1
BRDA:53,2,1,0
BRDA:53,2,2,0
BRDA:73,3,0,2
BRDA:73,3,1,2
BRF:10
BRH:4
end_of_record
